Build started 10/30/2012 9:54:12 AM.
     1>Project "C:\Users\greggjs\Documents\GitHub\HW04-greggjs\vc10\HW04.vcxproj" on node 2 (build target(s)).
     1>InitializeBuildStatus:
         Touching "Debug\HW04.unsuccessfulbuild".
       ClCompile:
         c:\Program Files (x86)\Microsoft Visual Studio 10.0\VC\bin\CL.exe /c /I..\include /I..\..\..\..\..\..\..\cinder\cinder_0.8.4_vc2010\boost /I..\..\..\..\..\..\..\cinder\cinder_0.8.4_vc2010\include /I..\..\..\..\..\..\..\cinder_0.8.4_mac\include /I..\..\..\..\..\..\..\cinder_0.8.4_mac\boost /ZI /nologo /W3 /WX- /Od /Oy- /D WIN32 /D _DEBUG /D _WINDOWS /D _UNICODE /D UNICODE /Gm /EHsc /RTC1 /MTd /GS /fp:precise /Zc:wchar_t /Zc:forScope /Fo"Debug\\" /Fd"Debug\vc100.pdb" /Gd /TP /analyze- /errorReport:prompt ..\src\greggjsStarbucks.cpp
         greggjsStarbucks.cpp
       ResourceCompile:
         C:\Program Files (x86)\Microsoft SDKs\Windows\v7.0A\bin\rc.exe /D _UNICODE /D UNICODE /l"0x0409" /I..\..\..\..\..\..\..\cinder_0.8.4_mac\include /I..\include /nologo /fo"Debug\Resources.res" Resources.rc 
       ManifestResourceCompile:
         C:\Program Files (x86)\Microsoft SDKs\Windows\v7.0A\bin\rc.exe /nologo /fo"Debug\HW04.exe.embed.manifest.res" Debug\HW04_manifest.rc 
       Link:
         c:\Program Files (x86)\Microsoft Visual Studio 10.0\VC\bin\link.exe /ERRORREPORT:PROMPT /OUT:"C:\Users\greggjs\Documents\GitHub\HW04-greggjs\vc10\Debug\HW04.exe" /INCREMENTAL /NOLOGO /LIBPATH:..\..\..\..\..\..\..\cinder\cinder_0.8.4_vc2010\lib\msw /LIBPATH:..\..\..\..\..\..\..\cinder\cinder_0.8.4_vc2010\lib /LIBPATH:..\..\..\..\..\..\..\cinder_0.8.4_mac\lib /LIBPATH:..\..\..\..\..\..\..\cinder_0.8.4_mac\lib\msw cinder_d.lib kernel32.lib user32.lib gdi32.lib winspool.lib comdlg32.lib advapi32.lib shell32.lib ole32.lib oleaut32.lib uuid.lib odbc32.lib odbccp32.lib /NODEFAULTLIB:LIBCMT /MANIFEST /ManifestFile:"Debug\HW04.exe.intermediate.manifest" /MANIFESTUAC:"level='asInvoker' uiAccess='false'" /DEBUG /PDB:"C:\Users\greggjs\Documents\GitHub\HW04-greggjs\vc10\Debug\HW04.pdb" /SUBSYSTEM:WINDOWS /TLBID:1 /DYNAMICBASE:NO /IMPLIB:"C:\Users\greggjs\Documents\GitHub\HW04-greggjs\vc10\Debug\HW04.lib" /MACHINE:X86 Debug\Resources.res
         Debug\HW04.exe.embed.manifest.res
         Debug\greggjsStarbucks.obj
         Debug\HW04App.obj
     1>cinder_d.lib(zutil.obj) : warning LNK4204: 'C:\Users\greggjs\Documents\GitHub\HW04-greggjs\vc10\Debug\vc100.pdb' is missing debugging information for referencing module; linking object as if no debug info
     1>cinder_d.lib(trees.obj) : warning LNK4204: 'C:\Users\greggjs\Documents\GitHub\HW04-greggjs\vc10\Debug\vc100.pdb' is missing debugging information for referencing module; linking object as if no debug info
     1>cinder_d.lib(inftrees.obj) : warning LNK4204: 'C:\Users\greggjs\Documents\GitHub\HW04-greggjs\vc10\Debug\vc100.pdb' is missing debugging information for referencing module; linking object as if no debug info
     1>cinder_d.lib(inflate.obj) : warning LNK4204: 'C:\Users\greggjs\Documents\GitHub\HW04-greggjs\vc10\Debug\vc100.pdb' is missing debugging information for referencing module; linking object as if no debug info
     1>cinder_d.lib(inffast.obj) : warning LNK4204: 'C:\Users\greggjs\Documents\GitHub\HW04-greggjs\vc10\Debug\vc100.pdb' is missing debugging information for referencing module; linking object as if no debug info
     1>cinder_d.lib(deflate.obj) : warning LNK4204: 'C:\Users\greggjs\Documents\GitHub\HW04-greggjs\vc10\Debug\vc100.pdb' is missing debugging information for referencing module; linking object as if no debug info
     1>cinder_d.lib(crc32.obj) : warning LNK4204: 'C:\Users\greggjs\Documents\GitHub\HW04-greggjs\vc10\Debug\vc100.pdb' is missing debugging information for referencing module; linking object as if no debug info
     1>cinder_d.lib(compress.obj) : warning LNK4204: 'C:\Users\greggjs\Documents\GitHub\HW04-greggjs\vc10\Debug\vc100.pdb' is missing debugging information for referencing module; linking object as if no debug info
     1>cinder_d.lib(adler32.obj) : warning LNK4204: 'C:\Users\greggjs\Documents\GitHub\HW04-greggjs\vc10\Debug\vc100.pdb' is missing debugging information for referencing module; linking object as if no debug info
       Manifest:
         C:\Program Files (x86)\Microsoft SDKs\Windows\v7.0A\bin\mt.exe /nologo /verbose /out:"Debug\HW04.exe.embed.manifest" /manifest Debug\HW04.exe.intermediate.manifest
         C:\Program Files (x86)\Microsoft SDKs\Windows\v7.0A\bin\rc.exe /nologo /fo"Debug\HW04.exe.embed.manifest.res" Debug\HW04_manifest.rc 
       LinkEmbedManifest:
         c:\Program Files (x86)\Microsoft Visual Studio 10.0\VC\bin\link.exe /ERRORREPORT:PROMPT /OUT:"C:\Users\greggjs\Documents\GitHub\HW04-greggjs\vc10\Debug\HW04.exe" /INCREMENTAL /NOLOGO /LIBPATH:..\..\..\..\..\..\..\cinder\cinder_0.8.4_vc2010\lib\msw /LIBPATH:..\..\..\..\..\..\..\cinder\cinder_0.8.4_vc2010\lib /LIBPATH:..\..\..\..\..\..\..\cinder_0.8.4_mac\lib /LIBPATH:..\..\..\..\..\..\..\cinder_0.8.4_mac\lib\msw cinder_d.lib kernel32.lib user32.lib gdi32.lib winspool.lib comdlg32.lib advapi32.lib shell32.lib ole32.lib oleaut32.lib uuid.lib odbc32.lib odbccp32.lib /NODEFAULTLIB:LIBCMT /MANIFEST /ManifestFile:"Debug\HW04.exe.intermediate.manifest" /MANIFESTUAC:"level='asInvoker' uiAccess='false'" /DEBUG /PDB:"C:\Users\greggjs\Documents\GitHub\HW04-greggjs\vc10\Debug\HW04.pdb" /SUBSYSTEM:WINDOWS /TLBID:1 /DYNAMICBASE:NO /IMPLIB:"C:\Users\greggjs\Documents\GitHub\HW04-greggjs\vc10\Debug\HW04.lib" /MACHINE:X86 Debug\Resources.res
         Debug\HW04.exe.embed.manifest.res
         Debug\greggjsStarbucks.obj
         Debug\HW04App.obj
         HW04.vcxproj -> C:\Users\greggjs\Documents\GitHub\HW04-greggjs\vc10\Debug\HW04.exe
       FinalizeBuildStatus:
         Deleting file "Debug\HW04.unsuccessfulbuild".
         Touching "Debug\HW04.lastbuildstate".
     1>Done Building Project "C:\Users\greggjs\Documents\GitHub\HW04-greggjs\vc10\HW04.vcxproj" (build target(s)).

Build succeeded.

Time Elapsed 00:00:10.08
